c:\users\thewy\desktop\popbl\nueva carpeta\sdl2-0-7examplesvcws\debug\02simplegame.lib
c:\users\thewy\desktop\popbl\nueva carpeta\sdl2-0-7examplesvcws\debug\02simplegame.exp
c:\users\thewy\desktop\popbl\nueva carpeta\sdl2-0-7examplesvcws\02simplegame\debug\vc141.pdb
c:\users\thewy\desktop\popbl\nueva carpeta\sdl2-0-7examplesvcws\02simplegame\debug\vc141.idb
c:\users\thewy\desktop\popbl\nueva carpeta\sdl2-0-7examplesvcws\02simplegame\debug\notak.obj
c:\users\thewy\desktop\popbl\nueva carpeta\sdl2-0-7examplesvcws\02simplegame\debug\nagusia.obj
c:\users\thewy\desktop\popbl\nueva carpeta\sdl2-0-7examplesvcws\02simplegame\debug\mugimendua.obj
c:\users\thewy\desktop\popbl\nueva carpeta\sdl2-0-7examplesvcws\02simplegame\debug\kultoa.obj
c:\users\thewy\desktop\popbl\nueva carpeta\sdl2-0-7examplesvcws\02simplegame\debug\hilketa.obj
c:\users\thewy\desktop\popbl\nueva carpeta\sdl2-0-7examplesvcws\02simplegame\debug\hasierakomenua.obj
c:\users\thewy\desktop\popbl\nueva carpeta\sdl2-0-7examplesvcws\02simplegame\debug\hasiera.obj
c:\users\thewy\desktop\popbl\nueva carpeta\sdl2-0-7examplesvcws\02simplegame\debug\jokoa.obj
c:\users\thewy\desktop\popbl\nueva carpeta\sdl2-0-7examplesvcws\02simplegame\debug\galdu.obj
c:\users\thewy\desktop\popbl\nueva carpeta\sdl2-0-7examplesvcws\02simplegame\debug\erreka.obj
c:\users\thewy\desktop\popbl\nueva carpeta\sdl2-0-7examplesvcws\02simplegame\debug\ellie.obj
c:\users\thewy\desktop\popbl\nueva carpeta\sdl2-0-7examplesvcws\02simplegame\debug\elkarrizketafinala.obj
c:\users\thewy\desktop\popbl\nueva carpeta\sdl2-0-7examplesvcws\02simplegame\debug\bulegoa.obj
c:\users\thewy\desktop\popbl\nueva carpeta\sdl2-0-7examplesvcws\02simplegame\debug\amaierakomenua.obj
c:\users\thewy\desktop\popbl\nueva carpeta\sdl2-0-7examplesvcws\02simplegame\debug\jokoamain.obj
c:\users\thewy\desktop\popbl\nueva carpeta\sdl2-0-7examplesvcws\02simplegame\debug\text.obj
c:\users\thewy\desktop\popbl\nueva carpeta\sdl2-0-7examplesvcws\02simplegame\debug\soinua.obj
c:\users\thewy\desktop\popbl\nueva carpeta\sdl2-0-7examplesvcws\02simplegame\debug\imagen.obj
c:\users\thewy\desktop\popbl\nueva carpeta\sdl2-0-7examplesvcws\02simplegame\debug\graphics.obj
c:\users\thewy\desktop\popbl\nueva carpeta\sdl2-0-7examplesvcws\02simplegame\debug\ebentoak.obj
c:\users\thewy\desktop\popbl\nueva carpeta\sdl2-0-7examplesvcws\02simplegame\debug\puzzlekulto.obj
c:\users\thewy\desktop\popbl\nueva carpeta\sdl2-0-7examplesvcws\02simplegame\debug\puzzlehilketa.obj
c:\users\thewy\desktop\popbl\nueva carpeta\sdl2-0-7examplesvcws\02simplegame\debug\puzzle4.obj
c:\users\thewy\desktop\popbl\nueva carpeta\sdl2-0-7examplesvcws\02simplegame\debug\puzzle3.obj
c:\users\thewy\desktop\popbl\nueva carpeta\sdl2-0-7examplesvcws\02simplegame\debug\puzzle2.obj
c:\users\thewy\desktop\popbl\nueva carpeta\sdl2-0-7examplesvcws\02simplegame\debug\puzzle1.obj
c:\users\thewy\desktop\popbl\nueva carpeta\sdl2-0-7examplesvcws\02simplegame\debug\pausamenua.obj
c:\users\thewy\desktop\popbl\nueva carpeta\sdl2-0-7examplesvcws\debug\02simplegame.ilk
c:\users\thewy\desktop\popbl\nueva carpeta\sdl2-0-7examplesvcws\debug\02simplegame.exe
c:\users\thewy\desktop\popbl\nueva carpeta\sdl2-0-7examplesvcws\debug\02simplegame.pdb
c:\users\thewy\desktop\popbl\nueva carpeta\sdl2-0-7examplesvcws\02simplegame\debug\02simplegame.tlog\02simplegame.write.1u.tlog
c:\users\thewy\desktop\popbl\nueva carpeta\sdl2-0-7examplesvcws\02simplegame\debug\02simplegame.tlog\cl.command.1.tlog
c:\users\thewy\desktop\popbl\nueva carpeta\sdl2-0-7examplesvcws\02simplegame\debug\02simplegame.tlog\cl.read.1.tlog
c:\users\thewy\desktop\popbl\nueva carpeta\sdl2-0-7examplesvcws\02simplegame\debug\02simplegame.tlog\cl.write.1.tlog
c:\users\thewy\desktop\popbl\nueva carpeta\sdl2-0-7examplesvcws\02simplegame\debug\02simplegame.tlog\link.command.1.tlog
c:\users\thewy\desktop\popbl\nueva carpeta\sdl2-0-7examplesvcws\02simplegame\debug\02simplegame.tlog\link.read.1.tlog
c:\users\thewy\desktop\popbl\nueva carpeta\sdl2-0-7examplesvcws\02simplegame\debug\02simplegame.tlog\link.write.1.tlog
