d:\descargas\popbl\detective ellie and riften's mysteries\jokoa\02simplegame\debug\vc141.pdb
d:\descargas\popbl\detective ellie and riften's mysteries\jokoa\02simplegame\debug\vc141.idb
d:\descargas\popbl\detective ellie and riften's mysteries\jokoa\02simplegame\debug\notak.obj
d:\descargas\popbl\detective ellie and riften's mysteries\jokoa\02simplegame\debug\nagusia.obj
d:\descargas\popbl\detective ellie and riften's mysteries\jokoa\02simplegame\debug\mugimendua.obj
d:\descargas\popbl\detective ellie and riften's mysteries\jokoa\02simplegame\debug\kultoa.obj
d:\descargas\popbl\detective ellie and riften's mysteries\jokoa\02simplegame\debug\hilketa.obj
d:\descargas\popbl\detective ellie and riften's mysteries\jokoa\02simplegame\debug\hasierakomenua.obj
d:\descargas\popbl\detective ellie and riften's mysteries\jokoa\02simplegame\debug\hasiera.obj
d:\descargas\popbl\detective ellie and riften's mysteries\jokoa\02simplegame\debug\jokoa.obj
d:\descargas\popbl\detective ellie and riften's mysteries\jokoa\02simplegame\debug\galdu.obj
d:\descargas\popbl\detective ellie and riften's mysteries\jokoa\02simplegame\debug\erreka.obj
d:\descargas\popbl\detective ellie and riften's mysteries\jokoa\02simplegame\debug\ellie.obj
d:\descargas\popbl\detective ellie and riften's mysteries\jokoa\02simplegame\debug\elkarrizketafinala.obj
d:\descargas\popbl\detective ellie and riften's mysteries\jokoa\02simplegame\debug\bulegoa.obj
d:\descargas\popbl\detective ellie and riften's mysteries\jokoa\02simplegame\debug\amaierakomenua.obj
d:\descargas\popbl\detective ellie and riften's mysteries\jokoa\02simplegame\debug\jokoamain.obj
d:\descargas\popbl\detective ellie and riften's mysteries\jokoa\02simplegame\debug\text.obj
d:\descargas\popbl\detective ellie and riften's mysteries\jokoa\02simplegame\debug\soinua.obj
d:\descargas\popbl\detective ellie and riften's mysteries\jokoa\02simplegame\debug\imagen.obj
d:\descargas\popbl\detective ellie and riften's mysteries\jokoa\02simplegame\debug\graphics.obj
d:\descargas\popbl\detective ellie and riften's mysteries\jokoa\02simplegame\debug\ebentoak.obj
d:\descargas\popbl\detective ellie and riften's mysteries\jokoa\02simplegame\debug\puzzlekulto.obj
d:\descargas\popbl\detective ellie and riften's mysteries\jokoa\02simplegame\debug\puzzlehilketa.obj
d:\descargas\popbl\detective ellie and riften's mysteries\jokoa\02simplegame\debug\puzzle4.obj
d:\descargas\popbl\detective ellie and riften's mysteries\jokoa\02simplegame\debug\puzzle3.obj
d:\descargas\popbl\detective ellie and riften's mysteries\jokoa\02simplegame\debug\puzzle2.obj
d:\descargas\popbl\detective ellie and riften's mysteries\jokoa\02simplegame\debug\puzzle1.obj
d:\descargas\popbl\detective ellie and riften's mysteries\jokoa\02simplegame\debug\pausamenua.obj
d:\descargas\popbl\detective ellie and riften's mysteries\jokoa\debug\jokoa.lib
d:\descargas\popbl\detective ellie and riften's mysteries\jokoa\debug\jokoa.exp
d:\descargas\popbl\detective ellie and riften's mysteries\jokoa\debug\jokoa.exe
d:\descargas\popbl\detective ellie and riften's mysteries\jokoa\debug\jokoa.ilk
d:\descargas\popbl\detective ellie and riften's mysteries\jokoa\debug\jokoa.pdb
d:\descargas\popbl\detective ellie and riften's mysteries\jokoa\02simplegame\debug\jokoa.tlog\cl.command.1.tlog
d:\descargas\popbl\detective ellie and riften's mysteries\jokoa\02simplegame\debug\jokoa.tlog\cl.read.1.tlog
d:\descargas\popbl\detective ellie and riften's mysteries\jokoa\02simplegame\debug\jokoa.tlog\cl.write.1.tlog
d:\descargas\popbl\detective ellie and riften's mysteries\jokoa\02simplegame\debug\jokoa.tlog\jokoa.write.1u.tlog
d:\descargas\popbl\detective ellie and riften's mysteries\jokoa\02simplegame\debug\jokoa.tlog\link.command.1.tlog
d:\descargas\popbl\detective ellie and riften's mysteries\jokoa\02simplegame\debug\jokoa.tlog\link.read.1.tlog
d:\descargas\popbl\detective ellie and riften's mysteries\jokoa\02simplegame\debug\jokoa.tlog\link.write.1.tlog
